#
# A fatal error has been detected by the Java Runtime Environment:
#
#  Internal Error (classFileParser.cpp:3161), pid=5916, tid=10228
#  Error: ShouldNotReachHere()
#
# JRE version: 6.0_22-b04
# Java VM: Java HotSpot(TM) Client VM (17.1-b03 mixed mode windows-x86 )
# If you would like to submit a bug report, please visit:
#   http://java.sun.com/webapps/bugreport/crash.jsp
#

---------------  T H R E A D  ---------------

Current thread (0x02209400):  JavaThread "Unknown thread" [_thread_in_vm, id=10228, stack(0x003a0000,0x003f0000)]

Stack: [0x003a0000,0x003f0000],  sp=0x003ef87c,  free space=13e003ef88ck
Native frames: (J=compiled Java code, j=interpreted, Vv=VM code, C=native code)
V  [jvm.dll+0x1fd0f0]
V  [jvm.dll+0xa4679]
V  [jvm.dll+0x75ec1]
V  [jvm.dll+0x77564]
V  [jvm.dll+0x1cbc85]
V  [jvm.dll+0x1cc3bd]
V  [jvm.dll+0x1cc775]
V  [jvm.dll+0x1cc7bb]
V  [jvm.dll+0x1cc8e2]
V  [jvm.dll+0x1cc95a]
V  [jvm.dll+0x1cce0d]
V  [jvm.dll+0x1cd222]
V  [jvm.dll+0x1ecf03]
V  [jvm.dll+0x1ed2dc]
V  [jvm.dll+0xdb681]
V  [jvm.dll+0x1e6668]
V  [jvm.dll+0x1065b0]
C  [javaw.exe+0x1657]
C  [javaw.exe+0x1e2c]
C  [javaw.exe+0x8614]
C  [KERNEL32.DLL+0x28543]
C  [ntdll.dll+0x5ac69]
C  [ntdll.dll+0x5ac3c]


---------------  P R O C E S S  ---------------

Java Threads: ( => current thread )

Other Threads:

=>0x02209400 (exited) JavaThread "Unknown thread" [_thread_in_vm, id=10228, stack(0x003a0000,0x003f0000)]

VM state:not at safepoint (not fully initialized)

VM Mutex/Monitor currently owned by a thread: None

Dynamic libraries:
0x00400000 - 0x00424000 	F:\java_tools\jdk1.6.0\bin\javaw.exe
0x77510000 - 0x77667000 	C:\Windows\SYSTEM32\ntdll.dll
0x77320000 - 0x77450000 	C:\Windows\SYSTEM32\KERNEL32.DLL
0x76290000 - 0x76336000 	C:\Windows\SYSTEM32\KERNELBASE.dll
0x74e10000 - 0x74ebe000 	C:\Windows\SYSTEM32\ADVAPI32.dll
0x74ec0000 - 0x74fd6000 	C:\Windows\SYSTEM32\USER32.dll
0x76b50000 - 0x76c01000 	C:\Windows\SYSTEM32\msvcrt.dll
0x76500000 - 0x76534000 	C:\Windows\SYSTEM32\sechost.dll
0x76fa0000 - 0x7704c000 	C:\Windows\SYSTEM32\RPCRT4.dll
0x770f0000 - 0x771ed000 	C:\Windows\SYSTEM32\GDI32.dll
0x74b40000 - 0x74b5c000 	C:\Windows\SYSTEM32\SspiCli.dll
0x74b30000 - 0x74b39000 	C:\Windows\SYSTEM32\CRYPTBASE.dll
0x74ad0000 - 0x74b21000 	C:\Windows\SYSTEM32\bcryptPrimitives.dll
0x770d0000 - 0x770f0000 	C:\Windows\system32\IMM32.DLL
0x76110000 - 0x761ec000 	C:\Windows\SYSTEM32\MSCTF.dll
0x7c340000 - 0x7c396000 	F:\java_tools\jdk1.6.0\jre\bin\msvcr71.dll
0x6d8a0000 - 0x6db47000 	F:\java_tools\jdk1.6.0\jre\bin\client\jvm.dll
0x74670000 - 0x74691000 	C:\Windows\SYSTEM32\WINMM.dll
0x74640000 - 0x7466a000 	C:\Windows\SYSTEM32\WINMMBASE.dll
0x71290000 - 0x71337000 	C:\Windows\system32\apphelp.dll
0x6d850000 - 0x6d85c000 	F:\java_tools\jdk1.6.0\jre\bin\verify.dll
0x6d3d0000 - 0x6d3ef000 	F:\java_tools\jdk1.6.0\jre\bin\java.dll
0x6d330000 - 0x6d338000 	F:\java_tools\jdk1.6.0\jre\bin\hpi.dll
0x76980000 - 0x76986000 	C:\Windows\SYSTEM32\PSAPI.DLL
0x6d890000 - 0x6d89f000 	F:\java_tools\jdk1.6.0\jre\bin\zip.dll

VM Arguments:
jvm_args: -Dfile.encoding=GBK -Xbootclasspath:D:\sdks\adt-bundle-windows-x86-20131030\sdk\platforms\android-19\android.jar 
java_command: com.zhuzi.utils.Test
Launcher Type: SUN_STANDARD

Environment Variables:
JAVA_HOME=F:\java_tools\jdk1.6.0
PATH=F:/java_tools/jdk1.6.0/bin/../jre/bin/client;F:/java_tools/jdk1.6.0/bin/../jre/bin;F:/java_tools/jdk1.6.0/bin/../jre/lib/i386;D:\sdks\adt-bundle-windows-x86-20131030\sdk\platform-tools;D:\sdks\adt-bundle-windows-x86-20131030\sdk\tools;F:\java_tools\tomcat-6\lib;F:\java_tools\tomcat-6\bin;F:\java_tools\maven2\bin;F:\java_tools\jdk1.6.0\bin;F:\java_tools\jdk1.6.0\jre\bin;C:\Windows\system32;C:\Windows;C:\Windows\System32\Wbem;C:\Windows\System32\WindowsPowerShell\v1.0\;C:\Program Files\TortoiseSVN\bin;C:\Program Files\TortoiseGit\bin;C:\GNUstep\bin;D:\sdks\adt-bundle-windows-x86-20131030\eclipse;
USERNAME=zsu
OS=Windows_NT
PROCESSOR_IDENTIFIER=Intel64 Family 6 Model 23 Stepping 10, GenuineIntel



---------------  S Y S T E M  ---------------

OS: Windows NT 6.2 Build 9200 

CPU:total 2 (2 cores per cpu, 1 threads per core) family 6 model 23 stepping 10, cmov, cx8, fxsr, mmx, sse, sse2, sse3, ssse3, sse4.1

Memory: 4k page, physical 8255068k(5265548k free), swap 9500252k(4741372k free)

vm_info: Java HotSpot(TM) Client VM (17.1-b03) for windows-x86 JRE (1.6.0_22-b04), built on Sep 15 2010 00:56:36 by "java_re" with MS VC++ 7.1 (VS2003)

time: Thu Nov 21 10:57:03 2013
elapsed time: 0 seconds

